<?xml version="1.0" encoding="UTF-8"?>
<testng-results skipped="2" failed="0" total="2" passed="0">
  <reporter-output>
  </reporter-output>
  <suite name="RodanfieldTest" duration-ms="59" started-at="2016-09-02T10:35:18Z" finished-at="2016-09-02T10:35:18Z">
    <groups>
    </groups>
    <test name="Chrome Test" duration-ms="59" started-at="2016-09-02T10:35:18Z" finished-at="2016-09-02T10:35:18Z">
      <class name="com.gspann.test.RodanfieldTest">
        <test-method status="SKIP" signature="test(java.lang.String)[pri:0, instance:com.gspann.test.RodanfieldTest@50c283c]" name="test" duration-ms="0" started-at="2016-09-02T16:05:18Z" finished-at="2016-09-02T16:05:18Z">
          <exception class="org.testng.TestNGException">
            <message>
              <![CDATA[
Parameter ' browser ' is required by @Test on method test but has not been marked @Optional or defined
in E:\Selenium_shubham\SeleniumTest\testNG.xml]]>
            </message>
            <full-stacktrace>
              <![CDATA[org.testng.TestNGException: 
Parameter ' browser ' is required by @Test on method test but has not been marked @Optional or defined
in E:\Selenium_shubham\SeleniumTest\testNG.xml
	at org.testng.internal.Parameters.createParameters(Parameters.java:154)
	at org.testng.internal.Parameters.createParameters(Parameters.java:361)
	at org.testng.internal.Parameters.handleParameters(Parameters.java:451)
	at org.testng.internal.Invoker.handleParameters(Invoker.java:1274)
	at org.testng.internal.Invoker.createParameters(Invoker.java:989)
	at org.testng.internal.Invoker.invokeTestMethods(Invoker.java:1079)
	at org.testng.internal.TestMethodWorker.invokeTestMethods(TestMethodWorker.java:129)
	at org.testng.internal.TestMethodWorker.run(TestMethodWorker.java:112)
	at org.testng.TestRunner.privateRun(TestRunner.java:782)
	at org.testng.TestRunner.run(TestRunner.java:632)
	at org.testng.SuiteRunner.runTest(SuiteRunner.java:366)
	at org.testng.SuiteRunner.access$000(SuiteRunner.java:39)
	at org.testng.SuiteRunner$SuiteWorker.run(SuiteRunner.java:400)
	at org.testng.internal.thread.ThreadUtil$2.call(ThreadUtil.java:64)
	at java.util.concurrent.FutureTask.run(Unknown Source)
	at java.util.concurrent.ThreadPoolExecutor.runWorker(Unknown Source)
	at java.util.concurrent.ThreadPoolExecutor$Worker.run(Unknown Source)
	at java.lang.Thread.run(Unknown Source)
]]>
            </full-stacktrace>
          </exception> <!-- org.testng.TestNGException -->
          <reporter-output>
          </reporter-output>
        </test-method> <!-- test -->
      </class> <!-- com.gspann.test.RodanfieldTest -->
    </test> <!-- Chrome Test -->
    <test name="Firefox Test" duration-ms="51" started-at="2016-09-02T10:35:18Z" finished-at="2016-09-02T10:35:18Z">
      <class name="com.gspann.test.RodanfieldTest">
        <test-method status="SKIP" signature="test(java.lang.String)[pri:0, instance:com.gspann.test.RodanfieldTest@3aa3cf94]" name="test" duration-ms="0" started-at="2016-09-02T16:05:18Z" finished-at="2016-09-02T16:05:18Z">
          <exception class="org.testng.TestNGException">
            <message>
              <![CDATA[
Parameter ' browser ' is required by @Test on method test but has not been marked @Optional or defined
in E:\Selenium_shubham\SeleniumTest\testNG.xml]]>
            </message>
            <full-stacktrace>
              <![CDATA[org.testng.TestNGException: 
Parameter ' browser ' is required by @Test on method test but has not been marked @Optional or defined
in E:\Selenium_shubham\SeleniumTest\testNG.xml
	at org.testng.internal.Parameters.createParameters(Parameters.java:154)
	at org.testng.internal.Parameters.createParameters(Parameters.java:361)
	at org.testng.internal.Parameters.handleParameters(Parameters.java:451)
	at org.testng.internal.Invoker.handleParameters(Invoker.java:1274)
	at org.testng.internal.Invoker.createParameters(Invoker.java:989)
	at org.testng.internal.Invoker.invokeTestMethods(Invoker.java:1079)
	at org.testng.internal.TestMethodWorker.invokeTestMethods(TestMethodWorker.java:129)
	at org.testng.internal.TestMethodWorker.run(TestMethodWorker.java:112)
	at org.testng.TestRunner.privateRun(TestRunner.java:782)
	at org.testng.TestRunner.run(TestRunner.java:632)
	at org.testng.SuiteRunner.runTest(SuiteRunner.java:366)
	at org.testng.SuiteRunner.access$000(SuiteRunner.java:39)
	at org.testng.SuiteRunner$SuiteWorker.run(SuiteRunner.java:400)
	at org.testng.internal.thread.ThreadUtil$2.call(ThreadUtil.java:64)
	at java.util.concurrent.FutureTask.run(Unknown Source)
	at java.util.concurrent.ThreadPoolExecutor.runWorker(Unknown Source)
	at java.util.concurrent.ThreadPoolExecutor$Worker.run(Unknown Source)
	at java.lang.Thread.run(Unknown Source)
]]>
            </full-stacktrace>
          </exception> <!-- org.testng.TestNGException -->
          <reporter-output>
          </reporter-output>
        </test-method> <!-- test -->
      </class> <!-- com.gspann.test.RodanfieldTest -->
    </test> <!-- Firefox Test -->
  </suite> <!-- RodanfieldTest -->
</testng-results>
